<?xml version="1.0" encoding="UTF-8"?>
<testsuite name="com.datecourse.service.LoginServiceTest" tests="1" skipped="0" failures="0" errors="0" timestamp="2026-02-14T03:14:02.275Z" hostname="baghyeongjun-ui-MacBookPro.local" time="0.001">
  <properties/>
  <testcase name="serviceDuplicateTest()" classname="com.datecourse.service.LoginServiceTest" time="0.001"/>
  <system-out><![CDATA[2026-02-14T12:14:02.271+09:00  INFO 31021 --- [datecourse] [    Test worker] t.c.s.AnnotationConfigContextLoaderUtils : Could not detect default configuration classes for test class [com.datecourse.service.LoginServiceTest]: LoginServiceTest does not declare any static, non-private, non-final, nested classes annotated with @Configuration.
2026-02-14T12:14:02.274+09:00  INFO 31021 --- [datecourse] [    Test worker] .b.t.c.SpringBootTestContextBootstrapper : Found @SpringBootConfiguration com.datecourse.DatecourseApplication for test class com.datecourse.service.LoginServiceTest
]]></system-out>
  <system-err><![CDATA[]]></system-err>
</testsuite>
