<?xml version="1.0" encoding="UTF-8"?>
<testsuite name="com.datecourse.web.controller.HomeControllerTestWithSpringBootTest" tests="1" skipped="0" failures="0" errors="0" timestamp="2026-02-14T03:14:02.650Z" hostname="baghyeongjun-ui-MacBookPro.local" time="0.007">
  <properties/>
  <testcase name="springBootControllerTest()" classname="com.datecourse.web.controller.HomeControllerTestWithSpringBootTest" time="0.007"/>
  <system-out><![CDATA[2026-02-14T12:14:02.558+09:00  INFO 31021 --- [datecourse] [    Test worker] t.c.s.AnnotationConfigContextLoaderUtils : Could not detect default configuration classes for test class [com.datecourse.web.controller.HomeControllerTestWithSpringBootTest]: HomeControllerTestWithSpringBootTest does not declare any static, non-private, non-final, nested classes annotated with @Configuration.
2026-02-14T12:14:02.559+09:00  INFO 31021 --- [datecourse] [    Test worker] .b.t.c.SpringBootTestContextBootstrapper : Found @SpringBootConfiguration com.datecourse.DatecourseApplication for test class com.datecourse.web.controller.HomeControllerTestWithSpringBootTest

  .   ____          _            __ _ _
 /\\ / ___'_ __ _ _(_)_ __  __ _ \ \ \ \
( ( )\___ | '_ | '_| | '_ \/ _` | \ \ \ \
 \\/  ___)| |_)| | | | | || (_| |  ) ) ) )
  '  |____| .__|_| |_|_| |_\__, | / / / /
 =========|_|==============|___/=/_/_/_/

 :: Spring Boot ::                (v4.0.1)

2026-02-14T12:14:02.568+09:00  INFO 31021 --- [datecourse] [    Test worker] w.c.HomeControllerTestWithSpringBootTest : Starting HomeControllerTestWithSpringBootTest using Java 25.0.1 with PID 31021 (started by hj.park in /Users/hj.park/projects/datecourse)
2026-02-14T12:14:02.568+09:00  INFO 31021 --- [datecourse] [    Test worker] w.c.HomeControllerTestWithSpringBootTest : The following 1 profile is active: "local"
2026-02-14T12:14:02.623+09:00  INFO 31021 --- [datecourse] [    Test worker] o.s.b.w.a.WelcomePageHandlerMapping      : Adding welcome page template: index
2026-02-14T12:14:02.647+09:00  INFO 31021 --- [datecourse] [    Test worker] o.s.b.t.m.w.SpringBootMockServletContext : Initializing Spring TestDispatcherServlet ''
2026-02-14T12:14:02.647+09:00  INFO 31021 --- [datecourse] [    Test worker] o.s.t.web.servlet.TestDispatcherServlet  : Initializing Servlet ''
2026-02-14T12:14:02.648+09:00  INFO 31021 --- [datecourse] [    Test worker] o.s.t.web.servlet.TestDispatcherServlet  : Completed initialization in 1 ms
2026-02-14T12:14:02.650+09:00  INFO 31021 --- [datecourse] [    Test worker] w.c.HomeControllerTestWithSpringBootTest : Started HomeControllerTestWithSpringBootTest in 0.09 seconds (process running for 1.475)
]]></system-out>
  <system-err><![CDATA[]]></system-err>
</testsuite>
