<?xml version="1.0" encoding="UTF-8"?>
<testsuite name="com.datecourse.web.controller.HomeControllerTest" tests="1" skipped="0" failures="0" errors="0" timestamp="2026-02-14T03:14:02.426Z" hostname="baghyeongjun-ui-MacBookPro.local" time="0.13">
  <properties/>
  <testcase name="argumentResolverTest()" classname="com.datecourse.web.controller.HomeControllerTest" time="0.13"/>
  <system-out><![CDATA[2026-02-14T12:14:02.280+09:00  INFO 31021 --- [datecourse] [    Test worker] t.c.s.AnnotationConfigContextLoaderUtils : Could not detect default configuration classes for test class [com.datecourse.web.controller.HomeControllerTest]: HomeControllerTest does not declare any static, non-private, non-final, nested classes annotated with @Configuration.
2026-02-14T12:14:02.288+09:00  INFO 31021 --- [datecourse] [    Test worker] .b.t.c.SpringBootTestContextBootstrapper : Found @SpringBootConfiguration com.datecourse.DatecourseApplication for test class com.datecourse.web.controller.HomeControllerTest

  .   ____          _            __ _ _
 /\\ / ___'_ __ _ _(_)_ __  __ _ \ \ \ \
( ( )\___ | '_ | '_| | '_ \/ _` | \ \ \ \
 \\/  ___)| |_)| | | | | || (_| |  ) ) ) )
  '  |____| .__|_| |_|_| |_\__, | / / / /
 =========|_|==============|___/=/_/_/_/

 :: Spring Boot ::                (v4.0.1)

2026-02-14T12:14:02.301+09:00  INFO 31021 --- [datecourse] [    Test worker] c.d.web.controller.HomeControllerTest    : Starting HomeControllerTest using Java 25.0.1 with PID 31021 (started by hj.park in /Users/hj.park/projects/datecourse)
2026-02-14T12:14:02.301+09:00  INFO 31021 --- [datecourse] [    Test worker] c.d.web.controller.HomeControllerTest    : The following 1 profile is active: "local"
2026-02-14T12:14:02.400+09:00  INFO 31021 --- [datecourse] [    Test worker] o.s.b.w.a.WelcomePageHandlerMapping      : Adding welcome page template: index
2026-02-14T12:14:02.420+09:00  INFO 31021 --- [datecourse] [    Test worker] o.s.b.t.m.w.SpringBootMockServletContext : Initializing Spring TestDispatcherServlet ''
2026-02-14T12:14:02.421+09:00  INFO 31021 --- [datecourse] [    Test worker] o.s.t.web.servlet.TestDispatcherServlet  : Initializing Servlet ''
2026-02-14T12:14:02.421+09:00  INFO 31021 --- [datecourse] [    Test worker] o.s.t.web.servlet.TestDispatcherServlet  : Completed initialization in 0 ms
2026-02-14T12:14:02.426+09:00  INFO 31021 --- [datecourse] [    Test worker] c.d.web.controller.HomeControllerTest    : Started HomeControllerTest in 0.136 seconds (process running for 1.251)

MockHttpServletRequest:
      HTTP Method = GET
      Request URI = /
       Parameters = {}
          Headers = []
             Body = null
    Session Attrs = {memberId=1}

Handler:
             Type = com.datecourse.web.controller.ssr.HomeController
           Method = com.datecourse.web.controller.ssr.HomeController#home(Long, Model)

Async:
    Async started = false
     Async result = null

Resolved Exception:
             Type = null

ModelAndView:
        View name = loginHome
             View = null
        Attribute = member
            value = com.datecourse.domain.member.Member@30259c61
           errors = []

FlashMap:
       Attributes = null

MockHttpServletResponse:
           Status = 200
    Error message = null
          Headers = [Vary:"Origin", "Access-Control-Request-Method", "Access-Control-Request-Headers", Content-Language:"en", Content-Type:"text/html;charset=UTF-8"]
     Content type = text/html;charset=UTF-8
             Body = <!DOCTYPE html>
<html>
<head>
    <style>
        /* 드롭다운 스타일 추가 */
        .dropdown {
            position: relative;
            display: inline-block;
        }

        .dropbtn {
            background: none;
            border: none;
            font-weight: bold;
            color: #ff6b6b;
            cursor: pointer;
            font-size: 1rem;
        }

        .dropdown-content {
            display: none;
            position: absolute;
            right: 0;
            background-color: white;
            min-width: 120px;
            box-shadow: 0px 8px 16px rgba(0, 0, 0, 0.1);
            border-radius: 10px;
            z-index: 1;
            overflow: hidden;
        }

        .dropdown-content a, .dropdown-content button {
            color: #666;
            padding: 12px 16px;
            text-decoration: none;
            display: block;
            border: none;
            width: 100%;
            text-align: left;
            background: none;
            font-family: inherit;
            cursor: pointer;
        }

        .dropdown-content a:hover, .dropdown-content button:hover {
            background-color: #fff5f5;
            color: #ff6b6b;
        }

        .dropdown:hover .dropdown-content {
            display: block;
        }

        /* 공통 스타일 */
        body {
            margin: 0;
            font-family: 'Noto Sans KR', sans-serif;
            background-color: #fff5f5;
            color: #444;
        }

        .nav {
            display: flex;
            justify-content: flex-end;
            padding: 20px 40px;
            gap: 15px;
        }

        .btn-sub {
            text-decoration: none;
            color: #ff6b6b;
            font-weight: bold;
            border: 2px solid #ff6b6b;
            padding: 8px 20px;
            border-radius: 20px;
            transition: 0.3s;
        }

        .btn-sub:hover {
            background: #ff6b6b;
            color: white;
        }

        .container {
            text-align: center;
            margin-top: 50px;
            display: flex;
            flex-direction: column;
            align-items: center;
        }

        .card {
            background: white;
            padding: 3rem;
            border-radius: 30px;
            box-shadow: 0 10px 30px rgba(255, 182, 193, 0.3);
            max-width: 500px;
            width: 90%;
        }

        .heart-icon {
            font-size: 3rem;
            animation: beat 1s infinite alternate;
        }

        @keyframes beat {
            from {
                transform: scale(1);
            }
            to {
                transform: scale(1.1);
            }
        }

        .btn-main {
            display: inline-block;
            padding: 15px 30px;
            background: #ff6b6b;
            color: white;
            text-decoration: none;
            border-radius: 50px;
            font-weight: bold;
            margin-top: 20px;
            box-shadow: 0 4px 15px rgba(255, 107, 107, 0.4);
        }

        .intro-text {
            line-height: 1.8;
            color: #666;
            margin: 20px 0;
        }
    </style>
</head>
<body>
<nav class="nav">
    <div class="dropdown">
        <button class="dropbtn">]]>&#x1f338;<![CDATA[ <span>테스터</span>님 ▼</button>
        <div class="dropdown-content">
            <a href="/datecourse/member/">회원 수정</a>
            <form action="/datecourse/logout" method="post">
                <button type="submit">로그아웃</button>
            </form>
        </div>
    </div>
</nav>

<div class="container">
    <div class="card">
        <div class="heart-icon">❤️</div>
        <h1>오늘 어디서 만날까?</h1>
        <div class="intro-text">
            "매일 가던 카페, 익숙한 거리... 지겨우신가요?"<br>
            <strong>지하철 랜덤 데이트</strong>는 여러분의 데이트에 설렘을 더해드립니다.<br>
            버튼 하나로 정해지는 운명의 장소로 떠나보세요!
        </div>
        <a href="/datecourse/random" class="btn-main">]]>&#x1f3b2;<![CDATA[ 오늘의 랜덤 역 고르기</a>
    </div>
</div>
</body>
</html>

    Forwarded URL = null
   Redirected URL = null
          Cookies = []
]]></system-out>
  <system-err><![CDATA[]]></system-err>
</testsuite>
