<?xml version="1.0" encoding="UTF-8"?>
<testsuite name="com.datecourse.DatecourseApplicationTests" tests="1" skipped="0" failures="0" errors="0" timestamp="2026-02-14T03:14:02.094Z" hostname="baghyeongjun-ui-MacBookPro.local" time="0.139">
  <properties/>
  <testcase name="contextLoads()" classname="com.datecourse.DatecourseApplicationTests" time="0.139"/>
  <system-out><![CDATA[12:14:01.544 [Test worker] INFO org.springframework.test.context.support.AnnotationConfigContextLoaderUtils -- Could not detect default configuration classes for test class [com.datecourse.DatecourseApplicationTests]: DatecourseApplicationTests does not declare any static, non-private, non-final, nested classes annotated with @Configuration.
12:14:01.579 [Test worker] INFO org.springframework.boot.test.context.SpringBootTestContextBootstrapper -- Found @SpringBootConfiguration com.datecourse.DatecourseApplication for test class com.datecourse.DatecourseApplicationTests

  .   ____          _            __ _ _
 /\\ / ___'_ __ _ _(_)_ __  __ _ \ \ \ \
( ( )\___ | '_ | '_| | '_ \/ _` | \ \ \ \
 \\/  ___)| |_)| | | | | || (_| |  ) ) ) )
  '  |____| .__|_| |_|_| |_\__, | / / / /
 =========|_|==============|___/=/_/_/_/

 :: Spring Boot ::                (v4.0.1)

2026-02-14T12:14:01.716+09:00  INFO 31021 --- [datecourse] [    Test worker] c.datecourse.DatecourseApplicationTests  : Starting DatecourseApplicationTests using Java 25.0.1 with PID 31021 (started by hj.park in /Users/hj.park/projects/datecourse)
2026-02-14T12:14:01.716+09:00  INFO 31021 --- [datecourse] [    Test worker] c.datecourse.DatecourseApplicationTests  : The following 1 profile is active: "local"
2026-02-14T12:14:01.983+09:00  INFO 31021 --- [datecourse] [    Test worker] o.s.b.w.a.WelcomePageHandlerMapping      : Adding welcome page template: index
2026-02-14T12:14:02.090+09:00  INFO 31021 --- [datecourse] [    Test worker] c.datecourse.DatecourseApplicationTests  : Started DatecourseApplicationTests in 0.46 seconds (process running for 0.915)
]]></system-out>
  <system-err><![CDATA[]]></system-err>
</testsuite>
